2013/01/15 20:43:47 [error] [exception.CException] exception 'CException' with message 'Object configuration must be an array containing a "class" element.' in Z:\home\localhost\www\framework\YiiBase.php:193
Stack trace:
#0 Z:\home\localhost\www\framework\console\CConsoleCommandRunner.php(148): YiiBase::createComponent(Array, 'migrate', Object(CConsoleCommandRunner))
#1 Z:\home\localhost\www\framework\console\CConsoleCommandRunner.php(64): CConsoleCommandRunner->createCommand('migrate')
#2 Z:\home\localhost\www\framework\console\CConsoleApplication.php(91): CConsoleCommandRunner->run(Array)
#3 Z:\home\localhost\www\framework\base\CApplication.php(169): CConsoleApplication->processRequest()
#4 Z:\home\localhost\www\yii-admin\console\yiic.php(20): CApplication->run()
#5 {main}
---
in Z:\home\localhost\www\framework\base\CApplication.php (710)
2013/01/15 20:43:47 [error] [exception.CException] exception 'CException' with message 'Object configuration must be an array containing a "class" element.' in Z:\home\localhost\www\framework\YiiBase.php:193
Stack trace:
#0 Z:\home\localhost\www\framework\console\CConsoleCommandRunner.php(148): YiiBase::createComponent(Array, 'migrate', Object(CConsoleCommandRunner))
#1 Z:\home\localhost\www\framework\console\CConsoleCommandRunner.php(64): CConsoleCommandRunner->createCommand('migrate')
#2 Z:\home\localhost\www\framework\console\CConsoleApplication.php(91): CConsoleCommandRunner->run(Array)
#3 Z:\home\localhost\www\framework\base\CApplication.php(169): CConsoleApplication->processRequest()
#4 Z:\home\localhost\www\yii-admin\console\yiic.php(20): CApplication->run()
#5 {main}
---
in Z:\home\localhost\www\framework\base\CApplication.php (710)
2013/01/17 21:14:39 [error] [system.db.CDbCommand] CDbCommand::execute() failed: SQLSTATE[42S01]: Base table or view already exists: 1050 Table 'menu_items' already exists. The SQL statement executed was: CREATE TABLE `menu_items` (
	`id` int(11) NOT NULL AUTO_INCREMENT PRIMARY KEY,
	`menu_id` int(11) NOT NULL,
	`parent_id` int(11) NOT NULL,
	`position` int(11) NOT NULL,
	`title` varchar(255) NOT NULL,
	`module_id` int(11) NOT NULL,
	`url` varchar(255) NOT NULL,
	`show` tinyint(1) NOT NULL
).
in Z:\home\localhost\www\framework\db\CDbCommand.php (352)
in Z:\home\localhost\www\framework\db\CDbCommand.php (1321)
in Z:\home\localhost\www\framework\db\CDbMigration.php (228)
2013/01/17 21:14:39 [error] [exception.CDbException] exception 'CDbException' with message 'CDbCommand failed to execute the SQL statement: SQLSTATE[42S01]: Base table or view already exists: 1050 Table 'menu_items' already exists. The SQL statement executed was: CREATE TABLE `menu_items` (
	`id` int(11) NOT NULL AUTO_INCREMENT PRIMARY KEY,
	`menu_id` int(11) NOT NULL,
	`parent_id` int(11) NOT NULL,
	`position` int(11) NOT NULL,
	`title` varchar(255) NOT NULL,
	`module_id` int(11) NOT NULL,
	`url` varchar(255) NOT NULL,
	`show` tinyint(1) NOT NULL
)' in Z:\home\localhost\www\framework\db\CDbCommand.php:357
Stack trace:
#0 Z:\home\localhost\www\framework\db\CDbCommand.php(1321): CDbCommand->execute()
#1 Z:\home\localhost\www\framework\db\CDbMigration.php(228): CDbCommand->createTable('menu_items', Array, NULL)
#2 Z:\home\localhost\www\yii-admin\common\migrations\m130115_165234_create_table_menu_items.php(16): CDbMigration->createTable('menu_items', Array)
#3 Z:\home\localhost\www\framework\cli\commands\MigrateCommand.php(385): m130115_165234_create_table_menu_items->up()
#4 Z:\home\localhost\www\framework\cli\commands\MigrateCommand.php(109): MigrateCommand->migrateUp('m130115_165234_...')
#5 [internal function]: MigrateCommand->actionUp(Array)
#6 Z:\home\localhost\www\framework\console\CConsoleCommand.php(172): ReflectionMethod->invokeArgs(Object(MigrateCommand), Array)
#7 Z:\home\localhost\www\framework\console\CConsoleCommandRunner.php(67): CConsoleCommand->run(Array)
#8 Z:\home\localhost\www\framework\console\CConsoleApplication.php(91): CConsoleCommandRunner->run(Array)
#9 Z:\home\localhost\www\framework\base\CApplication.php(169): CConsoleApplication->processRequest()
#10 Z:\home\localhost\www\yii-admin\console\yiic.php(20): CApplication->run()
#11 {main}
---
in Z:\home\localhost\www\framework\base\CApplication.php (710)
2013/01/17 21:14:39 [error] [system.db.CDbCommand] CDbCommand::execute() failed: SQLSTATE[42S01]: Base table or view already exists: 1050 Table 'menu_items' already exists. The SQL statement executed was: CREATE TABLE `menu_items` (
	`id` int(11) NOT NULL AUTO_INCREMENT PRIMARY KEY,
	`menu_id` int(11) NOT NULL,
	`parent_id` int(11) NOT NULL,
	`position` int(11) NOT NULL,
	`title` varchar(255) NOT NULL,
	`module_id` int(11) NOT NULL,
	`url` varchar(255) NOT NULL,
	`show` tinyint(1) NOT NULL
).
in Z:\home\localhost\www\framework\db\CDbCommand.php (352)
in Z:\home\localhost\www\framework\db\CDbCommand.php (1321)
in Z:\home\localhost\www\framework\db\CDbMigration.php (228)
2013/01/17 21:14:39 [error] [exception.CDbException] exception 'CDbException' with message 'CDbCommand failed to execute the SQL statement: SQLSTATE[42S01]: Base table or view already exists: 1050 Table 'menu_items' already exists. The SQL statement executed was: CREATE TABLE `menu_items` (
	`id` int(11) NOT NULL AUTO_INCREMENT PRIMARY KEY,
	`menu_id` int(11) NOT NULL,
	`parent_id` int(11) NOT NULL,
	`position` int(11) NOT NULL,
	`title` varchar(255) NOT NULL,
	`module_id` int(11) NOT NULL,
	`url` varchar(255) NOT NULL,
	`show` tinyint(1) NOT NULL
)' in Z:\home\localhost\www\framework\db\CDbCommand.php:357
Stack trace:
#0 Z:\home\localhost\www\framework\db\CDbCommand.php(1321): CDbCommand->execute()
#1 Z:\home\localhost\www\framework\db\CDbMigration.php(228): CDbCommand->createTable('menu_items', Array, NULL)
#2 Z:\home\localhost\www\yii-admin\common\migrations\m130115_165234_create_table_menu_items.php(16): CDbMigration->createTable('menu_items', Array)
#3 Z:\home\localhost\www\framework\cli\commands\MigrateCommand.php(385): m130115_165234_create_table_menu_items->up()
#4 Z:\home\localhost\www\framework\cli\commands\MigrateCommand.php(109): MigrateCommand->migrateUp('m130115_165234_...')
#5 [internal function]: MigrateCommand->actionUp(Array)
#6 Z:\home\localhost\www\framework\console\CConsoleCommand.php(172): ReflectionMethod->invokeArgs(Object(MigrateCommand), Array)
#7 Z:\home\localhost\www\framework\console\CConsoleCommandRunner.php(67): CConsoleCommand->run(Array)
#8 Z:\home\localhost\www\framework\console\CConsoleApplication.php(91): CConsoleCommandRunner->run(Array)
#9 Z:\home\localhost\www\framework\base\CApplication.php(169): CConsoleApplication->processRequest()
#10 Z:\home\localhost\www\yii-admin\console\yiic.php(20): CApplication->run()
#11 {main}
---
in Z:\home\localhost\www\framework\base\CApplication.php (710)
2013/01/21 18:22:23 [error] [system.db.CDbCommand] CDbCommand::execute() failed: SQLSTATE[42000]: Syntax error or access violation: 1064 You have an error in your SQL syntax; check the manual that corresponds to your MySQL server version for the right syntax to use near 'UNSIGNED,
	`type_id` int UNSIGNED NOT NULL,
	`title` varchar(255) NOT NULL,
	`ke' at line 2. The SQL statement executed was: CREATE TABLE `pages` (
	`id` int(11) NOT NULL AUTO_INCREMENT PRIMARY KEY UNSIGNED,
	`type_id` int UNSIGNED NOT NULL,
	`title` varchar(255) NOT NULL,
	`keywords` varchar(255) NOT NULL,
	`description` varchar(255) NOT NULL,
	`url` varchar(255) NOT NULL,
	`content` text NOT NULL,
	`image` tinyint(1) NOT NULL,
	`visible` tinyint(1) NOT NULL,
	`allow_comments` tinyint(1) NOT NULL,
	`user_id` int UNSIGNED NOT NULL
).
in Z:\home\localhost\www\framework\db\CDbCommand.php (352)
in Z:\home\localhost\www\framework\db\CDbCommand.php (1321)
in Z:\home\localhost\www\framework\db\CDbMigration.php (228)
2013/01/21 18:22:23 [error] [exception.CDbException] exception 'CDbException' with message 'CDbCommand failed to execute the SQL statement: SQLSTATE[42000]: Syntax error or access violation: 1064 You have an error in your SQL syntax; check the manual that corresponds to your MySQL server version for the right syntax to use near 'UNSIGNED,
	`type_id` int UNSIGNED NOT NULL,
	`title` varchar(255) NOT NULL,
	`ke' at line 2. The SQL statement executed was: CREATE TABLE `pages` (
	`id` int(11) NOT NULL AUTO_INCREMENT PRIMARY KEY UNSIGNED,
	`type_id` int UNSIGNED NOT NULL,
	`title` varchar(255) NOT NULL,
	`keywords` varchar(255) NOT NULL,
	`description` varchar(255) NOT NULL,
	`url` varchar(255) NOT NULL,
	`content` text NOT NULL,
	`image` tinyint(1) NOT NULL,
	`visible` tinyint(1) NOT NULL,
	`allow_comments` tinyint(1) NOT NULL,
	`user_id` int UNSIGNED NOT NULL
)' in Z:\home\localhost\www\framework\db\CDbCommand.php:357
Stack trace:
#0 Z:\home\localhost\www\framework\db\CDbCommand.php(1321): CDbCommand->execute()
#1 Z:\home\localhost\www\framework\db\CDbMigration.php(228): CDbCommand->createTable('pages', Array, NULL)
#2 Z:\home\localhost\www\admin\common\migrations\m130104_194550_create_table_pages.php(19): CDbMigration->createTable('pages', Array)
#3 Z:\home\localhost\www\framework\cli\commands\MigrateCommand.php(385): m130104_194550_create_table_pages->up()
#4 Z:\home\localhost\www\framework\cli\commands\MigrateCommand.php(109): MigrateCommand->migrateUp('m130104_194550_...')
#5 [internal function]: MigrateCommand->actionUp(Array)
#6 Z:\home\localhost\www\framework\console\CConsoleCommand.php(172): ReflectionMethod->invokeArgs(Object(MigrateCommand), Array)
#7 Z:\home\localhost\www\framework\console\CConsoleCommandRunner.php(67): CConsoleCommand->run(Array)
#8 Z:\home\localhost\www\framework\console\CConsoleApplication.php(91): CConsoleCommandRunner->run(Array)
#9 Z:\home\localhost\www\framework\base\CApplication.php(169): CConsoleApplication->processRequest()
#10 Z:\home\localhost\www\admin\console\yiic.php(20): CApplication->run()
#11 {main}
---
in Z:\home\localhost\www\framework\base\CApplication.php (710)
2013/01/21 18:22:23 [error] [system.db.CDbCommand] CDbCommand::execute() failed: SQLSTATE[42000]: Syntax error or access violation: 1064 You have an error in your SQL syntax; check the manual that corresponds to your MySQL server version for the right syntax to use near 'UNSIGNED,
	`type_id` int UNSIGNED NOT NULL,
	`title` varchar(255) NOT NULL,
	`ke' at line 2. The SQL statement executed was: CREATE TABLE `pages` (
	`id` int(11) NOT NULL AUTO_INCREMENT PRIMARY KEY UNSIGNED,
	`type_id` int UNSIGNED NOT NULL,
	`title` varchar(255) NOT NULL,
	`keywords` varchar(255) NOT NULL,
	`description` varchar(255) NOT NULL,
	`url` varchar(255) NOT NULL,
	`content` text NOT NULL,
	`image` tinyint(1) NOT NULL,
	`visible` tinyint(1) NOT NULL,
	`allow_comments` tinyint(1) NOT NULL,
	`user_id` int UNSIGNED NOT NULL
).
in Z:\home\localhost\www\framework\db\CDbCommand.php (352)
in Z:\home\localhost\www\framework\db\CDbCommand.php (1321)
in Z:\home\localhost\www\framework\db\CDbMigration.php (228)
2013/01/21 18:22:23 [error] [exception.CDbException] exception 'CDbException' with message 'CDbCommand failed to execute the SQL statement: SQLSTATE[42000]: Syntax error or access violation: 1064 You have an error in your SQL syntax; check the manual that corresponds to your MySQL server version for the right syntax to use near 'UNSIGNED,
	`type_id` int UNSIGNED NOT NULL,
	`title` varchar(255) NOT NULL,
	`ke' at line 2. The SQL statement executed was: CREATE TABLE `pages` (
	`id` int(11) NOT NULL AUTO_INCREMENT PRIMARY KEY UNSIGNED,
	`type_id` int UNSIGNED NOT NULL,
	`title` varchar(255) NOT NULL,
	`keywords` varchar(255) NOT NULL,
	`description` varchar(255) NOT NULL,
	`url` varchar(255) NOT NULL,
	`content` text NOT NULL,
	`image` tinyint(1) NOT NULL,
	`visible` tinyint(1) NOT NULL,
	`allow_comments` tinyint(1) NOT NULL,
	`user_id` int UNSIGNED NOT NULL
)' in Z:\home\localhost\www\framework\db\CDbCommand.php:357
Stack trace:
#0 Z:\home\localhost\www\framework\db\CDbCommand.php(1321): CDbCommand->execute()
#1 Z:\home\localhost\www\framework\db\CDbMigration.php(228): CDbCommand->createTable('pages', Array, NULL)
#2 Z:\home\localhost\www\admin\common\migrations\m130104_194550_create_table_pages.php(19): CDbMigration->createTable('pages', Array)
#3 Z:\home\localhost\www\framework\cli\commands\MigrateCommand.php(385): m130104_194550_create_table_pages->up()
#4 Z:\home\localhost\www\framework\cli\commands\MigrateCommand.php(109): MigrateCommand->migrateUp('m130104_194550_...')
#5 [internal function]: MigrateCommand->actionUp(Array)
#6 Z:\home\localhost\www\framework\console\CConsoleCommand.php(172): ReflectionMethod->invokeArgs(Object(MigrateCommand), Array)
#7 Z:\home\localhost\www\framework\console\CConsoleCommandRunner.php(67): CConsoleCommand->run(Array)
#8 Z:\home\localhost\www\framework\console\CConsoleApplication.php(91): CConsoleCommandRunner->run(Array)
#9 Z:\home\localhost\www\framework\base\CApplication.php(169): CConsoleApplication->processRequest()
#10 Z:\home\localhost\www\admin\console\yiic.php(20): CApplication->run()
#11 {main}
---
in Z:\home\localhost\www\framework\base\CApplication.php (710)
2013/01/30 13:42:17 [error] [system.db.CDbCommand] CDbCommand::execute() failed: SQLSTATE[42000]: Syntax error or access violation: 1064 You have an error in your SQL syntax; check the manual that corresponds to your MySQL server version for the right syntax to use near 'CURRENT_TIMESTAMP,
	`date_update` datetime CURRENT_TIMESTAMP on update CURRENT_T' at line 18. The SQL statement executed was: CREATE TABLE `pages` (
	`id` int(11) NOT NULL AUTO_INCREMENT PRIMARY KEY,
	`type_id` int UNSIGNED NOT NULL,
	`title` varchar(255) NOT NULL,
	`keywords` varchar(255) NOT NULL,
	`description` varchar(255) NOT NULL,
	`url` varchar(255) NOT NULL,
	`date` datetime NOT NULL,
	`author_name` varchar(255) NOT NULL,
	`author_image` varchar(255) NOT NULL,
	`author_description` text NOT NULL,
	`content` text NOT NULL,
	`main_image` tinyint(1) NOT NULL,
	`visible` tinyint(1) NOT NULL,
	`visible_on_main` tinyint(1) NOT NULL,
	`allow_comments` tinyint(1) NOT NULL,
	`user_id` int UNSIGNED NOT NULL,
	`date_create` datetime CURRENT_TIMESTAMP,
	`date_update` datetime CURRENT_TIMESTAMP on update CURRENT_TIMESTAMP
).
in Z:\home\localhost\www\framework\db\CDbCommand.php (352)
in Z:\home\localhost\www\framework\db\CDbCommand.php (1321)
in Z:\home\localhost\www\framework\db\CDbMigration.php (228)
2013/01/30 13:42:17 [error] [exception.CDbException] exception 'CDbException' with message 'CDbCommand failed to execute the SQL statement: SQLSTATE[42000]: Syntax error or access violation: 1064 You have an error in your SQL syntax; check the manual that corresponds to your MySQL server version for the right syntax to use near 'CURRENT_TIMESTAMP,
	`date_update` datetime CURRENT_TIMESTAMP on update CURRENT_T' at line 18. The SQL statement executed was: CREATE TABLE `pages` (
	`id` int(11) NOT NULL AUTO_INCREMENT PRIMARY KEY,
	`type_id` int UNSIGNED NOT NULL,
	`title` varchar(255) NOT NULL,
	`keywords` varchar(255) NOT NULL,
	`description` varchar(255) NOT NULL,
	`url` varchar(255) NOT NULL,
	`date` datetime NOT NULL,
	`author_name` varchar(255) NOT NULL,
	`author_image` varchar(255) NOT NULL,
	`author_description` text NOT NULL,
	`content` text NOT NULL,
	`main_image` tinyint(1) NOT NULL,
	`visible` tinyint(1) NOT NULL,
	`visible_on_main` tinyint(1) NOT NULL,
	`allow_comments` tinyint(1) NOT NULL,
	`user_id` int UNSIGNED NOT NULL,
	`date_create` datetime CURRENT_TIMESTAMP,
	`date_update` datetime CURRENT_TIMESTAMP on update CURRENT_TIMESTAMP
)' in Z:\home\localhost\www\framework\db\CDbCommand.php:357
Stack trace:
#0 Z:\home\localhost\www\framework\db\CDbCommand.php(1321): CDbCommand->execute()
#1 Z:\home\localhost\www\framework\db\CDbMigration.php(228): CDbCommand->createTable('pages', Array, NULL)
#2 Z:\home\localhost\www\admin\common\migrations\m130104_194550_create_table_pages.php(26): CDbMigration->createTable('pages', Array)
#3 Z:\home\localhost\www\framework\cli\commands\MigrateCommand.php(385): m130104_194550_create_table_pages->up()
#4 Z:\home\localhost\www\framework\cli\commands\MigrateCommand.php(109): MigrateCommand->migrateUp('m130104_194550_...')
#5 [internal function]: MigrateCommand->actionUp(Array)
#6 Z:\home\localhost\www\framework\console\CConsoleCommand.php(172): ReflectionMethod->invokeArgs(Object(MigrateCommand), Array)
#7 Z:\home\localhost\www\framework\console\CConsoleCommandRunner.php(67): CConsoleCommand->run(Array)
#8 Z:\home\localhost\www\framework\console\CConsoleApplication.php(91): CConsoleCommandRunner->run(Array)
#9 Z:\home\localhost\www\framework\base\CApplication.php(169): CConsoleApplication->processRequest()
#10 Z:\home\localhost\www\admin\console\yiic.php(20): CApplication->run()
#11 {main}
---
in Z:\home\localhost\www\framework\base\CApplication.php (710)
2013/01/30 13:42:17 [error] [system.db.CDbCommand] CDbCommand::execute() failed: SQLSTATE[42000]: Syntax error or access violation: 1064 You have an error in your SQL syntax; check the manual that corresponds to your MySQL server version for the right syntax to use near 'CURRENT_TIMESTAMP,
	`date_update` datetime CURRENT_TIMESTAMP on update CURRENT_T' at line 18. The SQL statement executed was: CREATE TABLE `pages` (
	`id` int(11) NOT NULL AUTO_INCREMENT PRIMARY KEY,
	`type_id` int UNSIGNED NOT NULL,
	`title` varchar(255) NOT NULL,
	`keywords` varchar(255) NOT NULL,
	`description` varchar(255) NOT NULL,
	`url` varchar(255) NOT NULL,
	`date` datetime NOT NULL,
	`author_name` varchar(255) NOT NULL,
	`author_image` varchar(255) NOT NULL,
	`author_description` text NOT NULL,
	`content` text NOT NULL,
	`main_image` tinyint(1) NOT NULL,
	`visible` tinyint(1) NOT NULL,
	`visible_on_main` tinyint(1) NOT NULL,
	`allow_comments` tinyint(1) NOT NULL,
	`user_id` int UNSIGNED NOT NULL,
	`date_create` datetime CURRENT_TIMESTAMP,
	`date_update` datetime CURRENT_TIMESTAMP on update CURRENT_TIMESTAMP
).
in Z:\home\localhost\www\framework\db\CDbCommand.php (352)
in Z:\home\localhost\www\framework\db\CDbCommand.php (1321)
in Z:\home\localhost\www\framework\db\CDbMigration.php (228)
2013/01/30 13:42:17 [error] [exception.CDbException] exception 'CDbException' with message 'CDbCommand failed to execute the SQL statement: SQLSTATE[42000]: Syntax error or access violation: 1064 You have an error in your SQL syntax; check the manual that corresponds to your MySQL server version for the right syntax to use near 'CURRENT_TIMESTAMP,
	`date_update` datetime CURRENT_TIMESTAMP on update CURRENT_T' at line 18. The SQL statement executed was: CREATE TABLE `pages` (
	`id` int(11) NOT NULL AUTO_INCREMENT PRIMARY KEY,
	`type_id` int UNSIGNED NOT NULL,
	`title` varchar(255) NOT NULL,
	`keywords` varchar(255) NOT NULL,
	`description` varchar(255) NOT NULL,
	`url` varchar(255) NOT NULL,
	`date` datetime NOT NULL,
	`author_name` varchar(255) NOT NULL,
	`author_image` varchar(255) NOT NULL,
	`author_description` text NOT NULL,
	`content` text NOT NULL,
	`main_image` tinyint(1) NOT NULL,
	`visible` tinyint(1) NOT NULL,
	`visible_on_main` tinyint(1) NOT NULL,
	`allow_comments` tinyint(1) NOT NULL,
	`user_id` int UNSIGNED NOT NULL,
	`date_create` datetime CURRENT_TIMESTAMP,
	`date_update` datetime CURRENT_TIMESTAMP on update CURRENT_TIMESTAMP
)' in Z:\home\localhost\www\framework\db\CDbCommand.php:357
Stack trace:
#0 Z:\home\localhost\www\framework\db\CDbCommand.php(1321): CDbCommand->execute()
#1 Z:\home\localhost\www\framework\db\CDbMigration.php(228): CDbCommand->createTable('pages', Array, NULL)
#2 Z:\home\localhost\www\admin\common\migrations\m130104_194550_create_table_pages.php(26): CDbMigration->createTable('pages', Array)
#3 Z:\home\localhost\www\framework\cli\commands\MigrateCommand.php(385): m130104_194550_create_table_pages->up()
#4 Z:\home\localhost\www\framework\cli\commands\MigrateCommand.php(109): MigrateCommand->migrateUp('m130104_194550_...')
#5 [internal function]: MigrateCommand->actionUp(Array)
#6 Z:\home\localhost\www\framework\console\CConsoleCommand.php(172): ReflectionMethod->invokeArgs(Object(MigrateCommand), Array)
#7 Z:\home\localhost\www\framework\console\CConsoleCommandRunner.php(67): CConsoleCommand->run(Array)
#8 Z:\home\localhost\www\framework\console\CConsoleApplication.php(91): CConsoleCommandRunner->run(Array)
#9 Z:\home\localhost\www\framework\base\CApplication.php(169): CConsoleApplication->processRequest()
#10 Z:\home\localhost\www\admin\console\yiic.php(20): CApplication->run()
#11 {main}
---
in Z:\home\localhost\www\framework\base\CApplication.php (710)
2013/01/30 13:44:09 [error] [system.db.CDbCommand] CDbCommand::execute() failed: SQLSTATE[42000]: Syntax error or access violation: 1064 You have an error in your SQL syntax; check the manual that corresponds to your MySQL server version for the right syntax to use near 'CURRENT_TIMESTAMP,
	`date_update` datetime on update CURRENT_TIMESTAMP
)' at line 18. The SQL statement executed was: CREATE TABLE `pages` (
	`id` int(11) NOT NULL AUTO_INCREMENT PRIMARY KEY,
	`type_id` int UNSIGNED NOT NULL,
	`title` varchar(255) NOT NULL,
	`keywords` varchar(255) NOT NULL,
	`description` varchar(255) NOT NULL,
	`url` varchar(255) NOT NULL,
	`date` datetime NOT NULL,
	`author_name` varchar(255) NOT NULL,
	`author_image` varchar(255) NOT NULL,
	`author_description` text NOT NULL,
	`content` text NOT NULL,
	`main_image` tinyint(1) NOT NULL,
	`visible` tinyint(1) NOT NULL,
	`visible_on_main` tinyint(1) NOT NULL,
	`allow_comments` tinyint(1) NOT NULL,
	`user_id` int UNSIGNED NOT NULL,
	`date_create` datetime CURRENT_TIMESTAMP,
	`date_update` datetime on update CURRENT_TIMESTAMP
).
in Z:\home\localhost\www\framework\db\CDbCommand.php (352)
in Z:\home\localhost\www\framework\db\CDbCommand.php (1321)
in Z:\home\localhost\www\framework\db\CDbMigration.php (228)
2013/01/30 13:44:09 [error] [exception.CDbException] exception 'CDbException' with message 'CDbCommand failed to execute the SQL statement: SQLSTATE[42000]: Syntax error or access violation: 1064 You have an error in your SQL syntax; check the manual that corresponds to your MySQL server version for the right syntax to use near 'CURRENT_TIMESTAMP,
	`date_update` datetime on update CURRENT_TIMESTAMP
)' at line 18. The SQL statement executed was: CREATE TABLE `pages` (
	`id` int(11) NOT NULL AUTO_INCREMENT PRIMARY KEY,
	`type_id` int UNSIGNED NOT NULL,
	`title` varchar(255) NOT NULL,
	`keywords` varchar(255) NOT NULL,
	`description` varchar(255) NOT NULL,
	`url` varchar(255) NOT NULL,
	`date` datetime NOT NULL,
	`author_name` varchar(255) NOT NULL,
	`author_image` varchar(255) NOT NULL,
	`author_description` text NOT NULL,
	`content` text NOT NULL,
	`main_image` tinyint(1) NOT NULL,
	`visible` tinyint(1) NOT NULL,
	`visible_on_main` tinyint(1) NOT NULL,
	`allow_comments` tinyint(1) NOT NULL,
	`user_id` int UNSIGNED NOT NULL,
	`date_create` datetime CURRENT_TIMESTAMP,
	`date_update` datetime on update CURRENT_TIMESTAMP
)' in Z:\home\localhost\www\framework\db\CDbCommand.php:357
Stack trace:
#0 Z:\home\localhost\www\framework\db\CDbCommand.php(1321): CDbCommand->execute()
#1 Z:\home\localhost\www\framework\db\CDbMigration.php(228): CDbCommand->createTable('pages', Array, NULL)
#2 Z:\home\localhost\www\admin\common\migrations\m130104_194550_create_table_pages.php(26): CDbMigration->createTable('pages', Array)
#3 Z:\home\localhost\www\framework\cli\commands\MigrateCommand.php(385): m130104_194550_create_table_pages->up()
#4 Z:\home\localhost\www\framework\cli\commands\MigrateCommand.php(109): MigrateCommand->migrateUp('m130104_194550_...')
#5 [internal function]: MigrateCommand->actionUp(Array)
#6 Z:\home\localhost\www\framework\console\CConsoleCommand.php(172): ReflectionMethod->invokeArgs(Object(MigrateCommand), Array)
#7 Z:\home\localhost\www\framework\console\CConsoleCommandRunner.php(67): CConsoleCommand->run(Array)
#8 Z:\home\localhost\www\framework\console\CConsoleApplication.php(91): CConsoleCommandRunner->run(Array)
#9 Z:\home\localhost\www\framework\base\CApplication.php(169): CConsoleApplication->processRequest()
#10 Z:\home\localhost\www\admin\console\yiic.php(20): CApplication->run()
#11 {main}
---
in Z:\home\localhost\www\framework\base\CApplication.php (710)
2013/01/30 13:44:09 [error] [system.db.CDbCommand] CDbCommand::execute() failed: SQLSTATE[42000]: Syntax error or access violation: 1064 You have an error in your SQL syntax; check the manual that corresponds to your MySQL server version for the right syntax to use near 'CURRENT_TIMESTAMP,
	`date_update` datetime on update CURRENT_TIMESTAMP
)' at line 18. The SQL statement executed was: CREATE TABLE `pages` (
	`id` int(11) NOT NULL AUTO_INCREMENT PRIMARY KEY,
	`type_id` int UNSIGNED NOT NULL,
	`title` varchar(255) NOT NULL,
	`keywords` varchar(255) NOT NULL,
	`description` varchar(255) NOT NULL,
	`url` varchar(255) NOT NULL,
	`date` datetime NOT NULL,
	`author_name` varchar(255) NOT NULL,
	`author_image` varchar(255) NOT NULL,
	`author_description` text NOT NULL,
	`content` text NOT NULL,
	`main_image` tinyint(1) NOT NULL,
	`visible` tinyint(1) NOT NULL,
	`visible_on_main` tinyint(1) NOT NULL,
	`allow_comments` tinyint(1) NOT NULL,
	`user_id` int UNSIGNED NOT NULL,
	`date_create` datetime CURRENT_TIMESTAMP,
	`date_update` datetime on update CURRENT_TIMESTAMP
).
in Z:\home\localhost\www\framework\db\CDbCommand.php (352)
in Z:\home\localhost\www\framework\db\CDbCommand.php (1321)
in Z:\home\localhost\www\framework\db\CDbMigration.php (228)
2013/01/30 13:44:09 [error] [exception.CDbException] exception 'CDbException' with message 'CDbCommand failed to execute the SQL statement: SQLSTATE[42000]: Syntax error or access violation: 1064 You have an error in your SQL syntax; check the manual that corresponds to your MySQL server version for the right syntax to use near 'CURRENT_TIMESTAMP,
	`date_update` datetime on update CURRENT_TIMESTAMP
)' at line 18. The SQL statement executed was: CREATE TABLE `pages` (
	`id` int(11) NOT NULL AUTO_INCREMENT PRIMARY KEY,
	`type_id` int UNSIGNED NOT NULL,
	`title` varchar(255) NOT NULL,
	`keywords` varchar(255) NOT NULL,
	`description` varchar(255) NOT NULL,
	`url` varchar(255) NOT NULL,
	`date` datetime NOT NULL,
	`author_name` varchar(255) NOT NULL,
	`author_image` varchar(255) NOT NULL,
	`author_description` text NOT NULL,
	`content` text NOT NULL,
	`main_image` tinyint(1) NOT NULL,
	`visible` tinyint(1) NOT NULL,
	`visible_on_main` tinyint(1) NOT NULL,
	`allow_comments` tinyint(1) NOT NULL,
	`user_id` int UNSIGNED NOT NULL,
	`date_create` datetime CURRENT_TIMESTAMP,
	`date_update` datetime on update CURRENT_TIMESTAMP
)' in Z:\home\localhost\www\framework\db\CDbCommand.php:357
Stack trace:
#0 Z:\home\localhost\www\framework\db\CDbCommand.php(1321): CDbCommand->execute()
#1 Z:\home\localhost\www\framework\db\CDbMigration.php(228): CDbCommand->createTable('pages', Array, NULL)
#2 Z:\home\localhost\www\admin\common\migrations\m130104_194550_create_table_pages.php(26): CDbMigration->createTable('pages', Array)
#3 Z:\home\localhost\www\framework\cli\commands\MigrateCommand.php(385): m130104_194550_create_table_pages->up()
#4 Z:\home\localhost\www\framework\cli\commands\MigrateCommand.php(109): MigrateCommand->migrateUp('m130104_194550_...')
#5 [internal function]: MigrateCommand->actionUp(Array)
#6 Z:\home\localhost\www\framework\console\CConsoleCommand.php(172): ReflectionMethod->invokeArgs(Object(MigrateCommand), Array)
#7 Z:\home\localhost\www\framework\console\CConsoleCommandRunner.php(67): CConsoleCommand->run(Array)
#8 Z:\home\localhost\www\framework\console\CConsoleApplication.php(91): CConsoleCommandRunner->run(Array)
#9 Z:\home\localhost\www\framework\base\CApplication.php(169): CConsoleApplication->processRequest()
#10 Z:\home\localhost\www\admin\console\yiic.php(20): CApplication->run()
#11 {main}
---
in Z:\home\localhost\www\framework\base\CApplication.php (710)
2013/02/01 17:36:18 [error] [system.db.CDbCommand] CDbCommand::execute() failed: SQLSTATE[42S02]: Base table or view not found: 1146 Table 'yii_admin.name' doesn't exist. The SQL statement executed was: CREATE UNIQUE INDEX `users role` ON `name` (`name`).
in Z:\home\localhost\www\framework\db\CDbCommand.php (352)
in Z:\home\localhost\www\framework\db\CDbCommand.php (1459)
in Z:\home\localhost\www\framework\db\CDbMigration.php (372)
2013/02/01 17:36:18 [error] [exception.CDbException] exception 'CDbException' with message 'CDbCommand failed to execute the SQL statement: SQLSTATE[42S02]: Base table or view not found: 1146 Table 'yii_admin.name' doesn't exist. The SQL statement executed was: CREATE UNIQUE INDEX `users role` ON `name` (`name`)' in Z:\home\localhost\www\framework\db\CDbCommand.php:357
Stack trace:
#0 Z:\home\localhost\www\framework\db\CDbCommand.php(1459): CDbCommand->execute()
#1 Z:\home\localhost\www\framework\db\CDbMigration.php(372): CDbCommand->createIndex('users role', 'name', 'name', true)
#2 Z:\home\localhost\www\admin\common\migrations\m130201_131001_create_table_users_role.php(13): CDbMigration->createIndex('users role', 'name', 'name', true)
#3 Z:\home\localhost\www\framework\cli\commands\MigrateCommand.php(385): m130201_131001_create_table_users_role->up()
#4 Z:\home\localhost\www\framework\cli\commands\MigrateCommand.php(109): MigrateCommand->migrateUp('m130201_131001_...')
#5 [internal function]: MigrateCommand->actionUp(Array)
#6 Z:\home\localhost\www\framework\console\CConsoleCommand.php(172): ReflectionMethod->invokeArgs(Object(MigrateCommand), Array)
#7 Z:\home\localhost\www\framework\console\CConsoleCommandRunner.php(67): CConsoleCommand->run(Array)
#8 Z:\home\localhost\www\framework\console\CConsoleApplication.php(91): CConsoleCommandRunner->run(Array)
#9 Z:\home\localhost\www\framework\base\CApplication.php(169): CConsoleApplication->processRequest()
#10 Z:\home\localhost\www\admin\console\yiic.php(20): CApplication->run()
#11 {main}
---
in Z:\home\localhost\www\framework\base\CApplication.php (710)
2013/02/01 17:36:18 [error] [system.db.CDbCommand] CDbCommand::execute() failed: SQLSTATE[42S02]: Base table or view not found: 1146 Table 'yii_admin.name' doesn't exist. The SQL statement executed was: CREATE UNIQUE INDEX `users role` ON `name` (`name`).
in Z:\home\localhost\www\framework\db\CDbCommand.php (352)
in Z:\home\localhost\www\framework\db\CDbCommand.php (1459)
in Z:\home\localhost\www\framework\db\CDbMigration.php (372)
2013/02/01 17:36:18 [error] [exception.CDbException] exception 'CDbException' with message 'CDbCommand failed to execute the SQL statement: SQLSTATE[42S02]: Base table or view not found: 1146 Table 'yii_admin.name' doesn't exist. The SQL statement executed was: CREATE UNIQUE INDEX `users role` ON `name` (`name`)' in Z:\home\localhost\www\framework\db\CDbCommand.php:357
Stack trace:
#0 Z:\home\localhost\www\framework\db\CDbCommand.php(1459): CDbCommand->execute()
#1 Z:\home\localhost\www\framework\db\CDbMigration.php(372): CDbCommand->createIndex('users role', 'name', 'name', true)
#2 Z:\home\localhost\www\admin\common\migrations\m130201_131001_create_table_users_role.php(13): CDbMigration->createIndex('users role', 'name', 'name', true)
#3 Z:\home\localhost\www\framework\cli\commands\MigrateCommand.php(385): m130201_131001_create_table_users_role->up()
#4 Z:\home\localhost\www\framework\cli\commands\MigrateCommand.php(109): MigrateCommand->migrateUp('m130201_131001_...')
#5 [internal function]: MigrateCommand->actionUp(Array)
#6 Z:\home\localhost\www\framework\console\CConsoleCommand.php(172): ReflectionMethod->invokeArgs(Object(MigrateCommand), Array)
#7 Z:\home\localhost\www\framework\console\CConsoleCommandRunner.php(67): CConsoleCommand->run(Array)
#8 Z:\home\localhost\www\framework\console\CConsoleApplication.php(91): CConsoleCommandRunner->run(Array)
#9 Z:\home\localhost\www\framework\base\CApplication.php(169): CConsoleApplication->processRequest()
#10 Z:\home\localhost\www\admin\console\yiic.php(20): CApplication->run()
#11 {main}
---
in Z:\home\localhost\www\framework\base\CApplication.php (710)
2013/02/01 17:37:56 [error] [system.db.CDbCommand] CDbCommand::execute() failed: SQLSTATE[42S01]: Base table or view already exists: 1050 Table 'users_role' already exists. The SQL statement executed was: CREATE TABLE `users_role` (
	`id` int(11) NOT NULL AUTO_INCREMENT PRIMARY KEY,
	`name` varchar(255) NOT NULL,
	`title` varchar(255) NOT NULL
).
in Z:\home\localhost\www\framework\db\CDbCommand.php (352)
in Z:\home\localhost\www\framework\db\CDbCommand.php (1321)
in Z:\home\localhost\www\framework\db\CDbMigration.php (228)
2013/02/01 17:37:56 [error] [exception.CDbException] exception 'CDbException' with message 'CDbCommand failed to execute the SQL statement: SQLSTATE[42S01]: Base table or view already exists: 1050 Table 'users_role' already exists. The SQL statement executed was: CREATE TABLE `users_role` (
	`id` int(11) NOT NULL AUTO_INCREMENT PRIMARY KEY,
	`name` varchar(255) NOT NULL,
	`title` varchar(255) NOT NULL
)' in Z:\home\localhost\www\framework\db\CDbCommand.php:357
Stack trace:
#0 Z:\home\localhost\www\framework\db\CDbCommand.php(1321): CDbCommand->execute()
#1 Z:\home\localhost\www\framework\db\CDbMigration.php(228): CDbCommand->createTable('users_role', Array, NULL)
#2 Z:\home\localhost\www\admin\common\migrations\m130201_131001_create_table_users_role.php(11): CDbMigration->createTable('users_role', Array)
#3 Z:\home\localhost\www\framework\cli\commands\MigrateCommand.php(385): m130201_131001_create_table_users_role->up()
#4 Z:\home\localhost\www\framework\cli\commands\MigrateCommand.php(109): MigrateCommand->migrateUp('m130201_131001_...')
#5 [internal function]: MigrateCommand->actionUp(Array)
#6 Z:\home\localhost\www\framework\console\CConsoleCommand.php(172): ReflectionMethod->invokeArgs(Object(MigrateCommand), Array)
#7 Z:\home\localhost\www\framework\console\CConsoleCommandRunner.php(67): CConsoleCommand->run(Array)
#8 Z:\home\localhost\www\framework\console\CConsoleApplication.php(91): CConsoleCommandRunner->run(Array)
#9 Z:\home\localhost\www\framework\base\CApplication.php(169): CConsoleApplication->processRequest()
#10 Z:\home\localhost\www\admin\console\yiic.php(20): CApplication->run()
#11 {main}
---
in Z:\home\localhost\www\framework\base\CApplication.php (710)
2013/02/01 17:37:56 [error] [system.db.CDbCommand] CDbCommand::execute() failed: SQLSTATE[42S01]: Base table or view already exists: 1050 Table 'users_role' already exists. The SQL statement executed was: CREATE TABLE `users_role` (
	`id` int(11) NOT NULL AUTO_INCREMENT PRIMARY KEY,
	`name` varchar(255) NOT NULL,
	`title` varchar(255) NOT NULL
).
in Z:\home\localhost\www\framework\db\CDbCommand.php (352)
in Z:\home\localhost\www\framework\db\CDbCommand.php (1321)
in Z:\home\localhost\www\framework\db\CDbMigration.php (228)
2013/02/01 17:37:56 [error] [exception.CDbException] exception 'CDbException' with message 'CDbCommand failed to execute the SQL statement: SQLSTATE[42S01]: Base table or view already exists: 1050 Table 'users_role' already exists. The SQL statement executed was: CREATE TABLE `users_role` (
	`id` int(11) NOT NULL AUTO_INCREMENT PRIMARY KEY,
	`name` varchar(255) NOT NULL,
	`title` varchar(255) NOT NULL
)' in Z:\home\localhost\www\framework\db\CDbCommand.php:357
Stack trace:
#0 Z:\home\localhost\www\framework\db\CDbCommand.php(1321): CDbCommand->execute()
#1 Z:\home\localhost\www\framework\db\CDbMigration.php(228): CDbCommand->createTable('users_role', Array, NULL)
#2 Z:\home\localhost\www\admin\common\migrations\m130201_131001_create_table_users_role.php(11): CDbMigration->createTable('users_role', Array)
#3 Z:\home\localhost\www\framework\cli\commands\MigrateCommand.php(385): m130201_131001_create_table_users_role->up()
#4 Z:\home\localhost\www\framework\cli\commands\MigrateCommand.php(109): MigrateCommand->migrateUp('m130201_131001_...')
#5 [internal function]: MigrateCommand->actionUp(Array)
#6 Z:\home\localhost\www\framework\console\CConsoleCommand.php(172): ReflectionMethod->invokeArgs(Object(MigrateCommand), Array)
#7 Z:\home\localhost\www\framework\console\CConsoleCommandRunner.php(67): CConsoleCommand->run(Array)
#8 Z:\home\localhost\www\framework\console\CConsoleApplication.php(91): CConsoleCommandRunner->run(Array)
#9 Z:\home\localhost\www\framework\base\CApplication.php(169): CConsoleApplication->processRequest()
#10 Z:\home\localhost\www\admin\console\yiic.php(20): CApplication->run()
#11 {main}
---
in Z:\home\localhost\www\framework\base\CApplication.php (710)
2013/02/01 17:39:15 [error] [system.db.CDbCommand] CDbCommand::execute() failed: SQLSTATE[42S22]: Column not found: 1054 Unknown column '0' in 'field list'. The SQL statement executed was: INSERT INTO `users_role` (`0`, `1`) VALUES (:0, :1). Bound with :0='user', :1='Обычный пользователь'.
in Z:\home\localhost\www\framework\db\CDbCommand.php (352)
in Z:\home\localhost\www\framework\db\CDbCommand.php (1247)
in Z:\home\localhost\www\framework\db\CDbMigration.php (173)
2013/02/01 17:39:15 [error] [exception.CDbException] exception 'CDbException' with message 'CDbCommand failed to execute the SQL statement: SQLSTATE[42S22]: Column not found: 1054 Unknown column '0' in 'field list'. The SQL statement executed was: INSERT INTO `users_role` (`0`, `1`) VALUES (:0, :1). Bound with :0='user', :1='Обычный пользователь'' in Z:\home\localhost\www\framework\db\CDbCommand.php:357
Stack trace:
#0 Z:\home\localhost\www\framework\db\CDbCommand.php(1247): CDbCommand->execute(Array)
#1 Z:\home\localhost\www\framework\db\CDbMigration.php(173): CDbCommand->insert('users_role', Array)
#2 Z:\home\localhost\www\admin\common\migrations\m130201_131001_create_table_users_role.php(17): CDbMigration->insert('users_role', Array)
#3 Z:\home\localhost\www\framework\cli\commands\MigrateCommand.php(385): m130201_131001_create_table_users_role->up()
#4 Z:\home\localhost\www\framework\cli\commands\MigrateCommand.php(109): MigrateCommand->migrateUp('m130201_131001_...')
#5 [internal function]: MigrateCommand->actionUp(Array)
#6 Z:\home\localhost\www\framework\console\CConsoleCommand.php(172): ReflectionMethod->invokeArgs(Object(MigrateCommand), Array)
#7 Z:\home\localhost\www\framework\console\CConsoleCommandRunner.php(67): CConsoleCommand->run(Array)
#8 Z:\home\localhost\www\framework\console\CConsoleApplication.php(91): CConsoleCommandRunner->run(Array)
#9 Z:\home\localhost\www\framework\base\CApplication.php(169): CConsoleApplication->processRequest()
#10 Z:\home\localhost\www\admin\console\yiic.php(20): CApplication->run()
#11 {main}
---
in Z:\home\localhost\www\framework\base\CApplication.php (710)
2013/02/01 17:39:15 [error] [system.db.CDbCommand] CDbCommand::execute() failed: SQLSTATE[42S22]: Column not found: 1054 Unknown column '0' in 'field list'. The SQL statement executed was: INSERT INTO `users_role` (`0`, `1`) VALUES (:0, :1). Bound with :0='user', :1='Обычный пользователь'.
in Z:\home\localhost\www\framework\db\CDbCommand.php (352)
in Z:\home\localhost\www\framework\db\CDbCommand.php (1247)
in Z:\home\localhost\www\framework\db\CDbMigration.php (173)
2013/02/01 17:39:15 [error] [exception.CDbException] exception 'CDbException' with message 'CDbCommand failed to execute the SQL statement: SQLSTATE[42S22]: Column not found: 1054 Unknown column '0' in 'field list'. The SQL statement executed was: INSERT INTO `users_role` (`0`, `1`) VALUES (:0, :1). Bound with :0='user', :1='Обычный пользователь'' in Z:\home\localhost\www\framework\db\CDbCommand.php:357
Stack trace:
#0 Z:\home\localhost\www\framework\db\CDbCommand.php(1247): CDbCommand->execute(Array)
#1 Z:\home\localhost\www\framework\db\CDbMigration.php(173): CDbCommand->insert('users_role', Array)
#2 Z:\home\localhost\www\admin\common\migrations\m130201_131001_create_table_users_role.php(17): CDbMigration->insert('users_role', Array)
#3 Z:\home\localhost\www\framework\cli\commands\MigrateCommand.php(385): m130201_131001_create_table_users_role->up()
#4 Z:\home\localhost\www\framework\cli\commands\MigrateCommand.php(109): MigrateCommand->migrateUp('m130201_131001_...')
#5 [internal function]: MigrateCommand->actionUp(Array)
#6 Z:\home\localhost\www\framework\console\CConsoleCommand.php(172): ReflectionMethod->invokeArgs(Object(MigrateCommand), Array)
#7 Z:\home\localhost\www\framework\console\CConsoleCommandRunner.php(67): CConsoleCommand->run(Array)
#8 Z:\home\localhost\www\framework\console\CConsoleApplication.php(91): CConsoleCommandRunner->run(Array)
#9 Z:\home\localhost\www\framework\base\CApplication.php(169): CConsoleApplication->processRequest()
#10 Z:\home\localhost\www\admin\console\yiic.php(20): CApplication->run()
#11 {main}
---
in Z:\home\localhost\www\framework\base\CApplication.php (710)
2013/02/01 17:41:59 [error] [system.db.CDbCommand] CDbCommand::execute() failed: SQLSTATE[42000]: Syntax error or access violation: 1064 You have an error in your SQL syntax; check the manual that corresponds to your MySQL server version for the right syntax to use near 'UNSIGNED,
	`last_visited` datetime NOT_NULL,
	`baned` tinyint(1) NOT_NULL
)' at line 10. The SQL statement executed was: CREATE TABLE `userd` (
	`id` int(11) NOT NULL AUTO_INCREMENT PRIMARY KEY,
	`login` varchar(255) NOT NULL,
	`password` varchar(255) NOT NULL,
	`nickname` varchar(255) NOT NULL,
	`first_name` varchar(255) NOT NULL,
	`last_name` varchar(255) NOT NULL,
	`phone` varchar(255) NOT NULL,
	`ip` varchar(255) NOT NULL,
	`role_id` int NOT NULL UNSIGNED,
	`last_visited` datetime NOT_NULL,
	`baned` tinyint(1) NOT_NULL
).
in Z:\home\localhost\www\framework\db\CDbCommand.php (352)
in Z:\home\localhost\www\framework\db\CDbCommand.php (1321)
in Z:\home\localhost\www\framework\db\CDbMigration.php (228)
2013/02/01 17:41:59 [error] [exception.CDbException] exception 'CDbException' with message 'CDbCommand failed to execute the SQL statement: SQLSTATE[42000]: Syntax error or access violation: 1064 You have an error in your SQL syntax; check the manual that corresponds to your MySQL server version for the right syntax to use near 'UNSIGNED,
	`last_visited` datetime NOT_NULL,
	`baned` tinyint(1) NOT_NULL
)' at line 10. The SQL statement executed was: CREATE TABLE `userd` (
	`id` int(11) NOT NULL AUTO_INCREMENT PRIMARY KEY,
	`login` varchar(255) NOT NULL,
	`password` varchar(255) NOT NULL,
	`nickname` varchar(255) NOT NULL,
	`first_name` varchar(255) NOT NULL,
	`last_name` varchar(255) NOT NULL,
	`phone` varchar(255) NOT NULL,
	`ip` varchar(255) NOT NULL,
	`role_id` int NOT NULL UNSIGNED,
	`last_visited` datetime NOT_NULL,
	`baned` tinyint(1) NOT_NULL
)' in Z:\home\localhost\www\framework\db\CDbCommand.php:357
Stack trace:
#0 Z:\home\localhost\www\framework\db\CDbCommand.php(1321): CDbCommand->execute()
#1 Z:\home\localhost\www\framework\db\CDbMigration.php(228): CDbCommand->createTable('userd', Array, NULL)
#2 Z:\home\localhost\www\admin\common\migrations\m130201_131109_create_table_users.php(19): CDbMigration->createTable('userd', Array)
#3 Z:\home\localhost\www\framework\cli\commands\MigrateCommand.php(385): m130201_131109_create_table_users->up()
#4 Z:\home\localhost\www\framework\cli\commands\MigrateCommand.php(109): MigrateCommand->migrateUp('m130201_131109_...')
#5 [internal function]: MigrateCommand->actionUp(Array)
#6 Z:\home\localhost\www\framework\console\CConsoleCommand.php(172): ReflectionMethod->invokeArgs(Object(MigrateCommand), Array)
#7 Z:\home\localhost\www\framework\console\CConsoleCommandRunner.php(67): CConsoleCommand->run(Array)
#8 Z:\home\localhost\www\framework\console\CConsoleApplication.php(91): CConsoleCommandRunner->run(Array)
#9 Z:\home\localhost\www\framework\base\CApplication.php(169): CConsoleApplication->processRequest()
#10 Z:\home\localhost\www\admin\console\yiic.php(20): CApplication->run()
#11 {main}
---
in Z:\home\localhost\www\framework\base\CApplication.php (710)
2013/02/01 17:41:59 [error] [system.db.CDbCommand] CDbCommand::execute() failed: SQLSTATE[42000]: Syntax error or access violation: 1064 You have an error in your SQL syntax; check the manual that corresponds to your MySQL server version for the right syntax to use near 'UNSIGNED,
	`last_visited` datetime NOT_NULL,
	`baned` tinyint(1) NOT_NULL
)' at line 10. The SQL statement executed was: CREATE TABLE `userd` (
	`id` int(11) NOT NULL AUTO_INCREMENT PRIMARY KEY,
	`login` varchar(255) NOT NULL,
	`password` varchar(255) NOT NULL,
	`nickname` varchar(255) NOT NULL,
	`first_name` varchar(255) NOT NULL,
	`last_name` varchar(255) NOT NULL,
	`phone` varchar(255) NOT NULL,
	`ip` varchar(255) NOT NULL,
	`role_id` int NOT NULL UNSIGNED,
	`last_visited` datetime NOT_NULL,
	`baned` tinyint(1) NOT_NULL
).
in Z:\home\localhost\www\framework\db\CDbCommand.php (352)
in Z:\home\localhost\www\framework\db\CDbCommand.php (1321)
in Z:\home\localhost\www\framework\db\CDbMigration.php (228)
2013/02/01 17:41:59 [error] [exception.CDbException] exception 'CDbException' with message 'CDbCommand failed to execute the SQL statement: SQLSTATE[42000]: Syntax error or access violation: 1064 You have an error in your SQL syntax; check the manual that corresponds to your MySQL server version for the right syntax to use near 'UNSIGNED,
	`last_visited` datetime NOT_NULL,
	`baned` tinyint(1) NOT_NULL
)' at line 10. The SQL statement executed was: CREATE TABLE `userd` (
	`id` int(11) NOT NULL AUTO_INCREMENT PRIMARY KEY,
	`login` varchar(255) NOT NULL,
	`password` varchar(255) NOT NULL,
	`nickname` varchar(255) NOT NULL,
	`first_name` varchar(255) NOT NULL,
	`last_name` varchar(255) NOT NULL,
	`phone` varchar(255) NOT NULL,
	`ip` varchar(255) NOT NULL,
	`role_id` int NOT NULL UNSIGNED,
	`last_visited` datetime NOT_NULL,
	`baned` tinyint(1) NOT_NULL
)' in Z:\home\localhost\www\framework\db\CDbCommand.php:357
Stack trace:
#0 Z:\home\localhost\www\framework\db\CDbCommand.php(1321): CDbCommand->execute()
#1 Z:\home\localhost\www\framework\db\CDbMigration.php(228): CDbCommand->createTable('userd', Array, NULL)
#2 Z:\home\localhost\www\admin\common\migrations\m130201_131109_create_table_users.php(19): CDbMigration->createTable('userd', Array)
#3 Z:\home\localhost\www\framework\cli\commands\MigrateCommand.php(385): m130201_131109_create_table_users->up()
#4 Z:\home\localhost\www\framework\cli\commands\MigrateCommand.php(109): MigrateCommand->migrateUp('m130201_131109_...')
#5 [internal function]: MigrateCommand->actionUp(Array)
#6 Z:\home\localhost\www\framework\console\CConsoleCommand.php(172): ReflectionMethod->invokeArgs(Object(MigrateCommand), Array)
#7 Z:\home\localhost\www\framework\console\CConsoleCommandRunner.php(67): CConsoleCommand->run(Array)
#8 Z:\home\localhost\www\framework\console\CConsoleApplication.php(91): CConsoleCommandRunner->run(Array)
#9 Z:\home\localhost\www\framework\base\CApplication.php(169): CConsoleApplication->processRequest()
#10 Z:\home\localhost\www\admin\console\yiic.php(20): CApplication->run()
#11 {main}
---
in Z:\home\localhost\www\framework\base\CApplication.php (710)
2013/02/01 17:43:35 [error] [system.db.CDbCommand] CDbCommand::execute() failed: SQLSTATE[42000]: Syntax error or access violation: 1064 You have an error in your SQL syntax; check the manual that corresponds to your MySQL server version for the right syntax to use near 'NOT_NULL,
	`baned` tinyint(1) NOT_NULL
)' at line 11. The SQL statement executed was: CREATE TABLE `userd` (
	`id` int(11) NOT NULL AUTO_INCREMENT PRIMARY KEY,
	`login` varchar(255) NOT NULL,
	`password` varchar(255) NOT NULL,
	`nickname` varchar(255) NOT NULL,
	`first_name` varchar(255) NOT NULL,
	`last_name` varchar(255) NOT NULL,
	`phone` varchar(255) NOT NULL,
	`ip` varchar(255) NOT NULL,
	`role_id` int UNSIGNED NOT NULL ,
	`last_visited` datetime NOT_NULL,
	`baned` tinyint(1) NOT_NULL
).
in Z:\home\localhost\www\framework\db\CDbCommand.php (352)
in Z:\home\localhost\www\framework\db\CDbCommand.php (1321)
in Z:\home\localhost\www\framework\db\CDbMigration.php (228)
2013/02/01 17:43:35 [error] [exception.CDbException] exception 'CDbException' with message 'CDbCommand failed to execute the SQL statement: SQLSTATE[42000]: Syntax error or access violation: 1064 You have an error in your SQL syntax; check the manual that corresponds to your MySQL server version for the right syntax to use near 'NOT_NULL,
	`baned` tinyint(1) NOT_NULL
)' at line 11. The SQL statement executed was: CREATE TABLE `userd` (
	`id` int(11) NOT NULL AUTO_INCREMENT PRIMARY KEY,
	`login` varchar(255) NOT NULL,
	`password` varchar(255) NOT NULL,
	`nickname` varchar(255) NOT NULL,
	`first_name` varchar(255) NOT NULL,
	`last_name` varchar(255) NOT NULL,
	`phone` varchar(255) NOT NULL,
	`ip` varchar(255) NOT NULL,
	`role_id` int UNSIGNED NOT NULL ,
	`last_visited` datetime NOT_NULL,
	`baned` tinyint(1) NOT_NULL
)' in Z:\home\localhost\www\framework\db\CDbCommand.php:357
Stack trace:
#0 Z:\home\localhost\www\framework\db\CDbCommand.php(1321): CDbCommand->execute()
#1 Z:\home\localhost\www\framework\db\CDbMigration.php(228): CDbCommand->createTable('userd', Array, NULL)
#2 Z:\home\localhost\www\admin\common\migrations\m130201_131109_create_table_users.php(19): CDbMigration->createTable('userd', Array)
#3 Z:\home\localhost\www\framework\cli\commands\MigrateCommand.php(385): m130201_131109_create_table_users->up()
#4 Z:\home\localhost\www\framework\cli\commands\MigrateCommand.php(109): MigrateCommand->migrateUp('m130201_131109_...')
#5 [internal function]: MigrateCommand->actionUp(Array)
#6 Z:\home\localhost\www\framework\console\CConsoleCommand.php(172): ReflectionMethod->invokeArgs(Object(MigrateCommand), Array)
#7 Z:\home\localhost\www\framework\console\CConsoleCommandRunner.php(67): CConsoleCommand->run(Array)
#8 Z:\home\localhost\www\framework\console\CConsoleApplication.php(91): CConsoleCommandRunner->run(Array)
#9 Z:\home\localhost\www\framework\base\CApplication.php(169): CConsoleApplication->processRequest()
#10 Z:\home\localhost\www\admin\console\yiic.php(20): CApplication->run()
#11 {main}
---
in Z:\home\localhost\www\framework\base\CApplication.php (710)
2013/02/01 17:43:35 [error] [system.db.CDbCommand] CDbCommand::execute() failed: SQLSTATE[42000]: Syntax error or access violation: 1064 You have an error in your SQL syntax; check the manual that corresponds to your MySQL server version for the right syntax to use near 'NOT_NULL,
	`baned` tinyint(1) NOT_NULL
)' at line 11. The SQL statement executed was: CREATE TABLE `userd` (
	`id` int(11) NOT NULL AUTO_INCREMENT PRIMARY KEY,
	`login` varchar(255) NOT NULL,
	`password` varchar(255) NOT NULL,
	`nickname` varchar(255) NOT NULL,
	`first_name` varchar(255) NOT NULL,
	`last_name` varchar(255) NOT NULL,
	`phone` varchar(255) NOT NULL,
	`ip` varchar(255) NOT NULL,
	`role_id` int UNSIGNED NOT NULL ,
	`last_visited` datetime NOT_NULL,
	`baned` tinyint(1) NOT_NULL
).
in Z:\home\localhost\www\framework\db\CDbCommand.php (352)
in Z:\home\localhost\www\framework\db\CDbCommand.php (1321)
in Z:\home\localhost\www\framework\db\CDbMigration.php (228)
2013/02/01 17:43:35 [error] [exception.CDbException] exception 'CDbException' with message 'CDbCommand failed to execute the SQL statement: SQLSTATE[42000]: Syntax error or access violation: 1064 You have an error in your SQL syntax; check the manual that corresponds to your MySQL server version for the right syntax to use near 'NOT_NULL,
	`baned` tinyint(1) NOT_NULL
)' at line 11. The SQL statement executed was: CREATE TABLE `userd` (
	`id` int(11) NOT NULL AUTO_INCREMENT PRIMARY KEY,
	`login` varchar(255) NOT NULL,
	`password` varchar(255) NOT NULL,
	`nickname` varchar(255) NOT NULL,
	`first_name` varchar(255) NOT NULL,
	`last_name` varchar(255) NOT NULL,
	`phone` varchar(255) NOT NULL,
	`ip` varchar(255) NOT NULL,
	`role_id` int UNSIGNED NOT NULL ,
	`last_visited` datetime NOT_NULL,
	`baned` tinyint(1) NOT_NULL
)' in Z:\home\localhost\www\framework\db\CDbCommand.php:357
Stack trace:
#0 Z:\home\localhost\www\framework\db\CDbCommand.php(1321): CDbCommand->execute()
#1 Z:\home\localhost\www\framework\db\CDbMigration.php(228): CDbCommand->createTable('userd', Array, NULL)
#2 Z:\home\localhost\www\admin\common\migrations\m130201_131109_create_table_users.php(19): CDbMigration->createTable('userd', Array)
#3 Z:\home\localhost\www\framework\cli\commands\MigrateCommand.php(385): m130201_131109_create_table_users->up()
#4 Z:\home\localhost\www\framework\cli\commands\MigrateCommand.php(109): MigrateCommand->migrateUp('m130201_131109_...')
#5 [internal function]: MigrateCommand->actionUp(Array)
#6 Z:\home\localhost\www\framework\console\CConsoleCommand.php(172): ReflectionMethod->invokeArgs(Object(MigrateCommand), Array)
#7 Z:\home\localhost\www\framework\console\CConsoleCommandRunner.php(67): CConsoleCommand->run(Array)
#8 Z:\home\localhost\www\framework\console\CConsoleApplication.php(91): CConsoleCommandRunner->run(Array)
#9 Z:\home\localhost\www\framework\base\CApplication.php(169): CConsoleApplication->processRequest()
#10 Z:\home\localhost\www\admin\console\yiic.php(20): CApplication->run()
#11 {main}
---
in Z:\home\localhost\www\framework\base\CApplication.php (710)
2013/02/21 14:08:16 [error] [system.db.CDbCommand] CDbCommand::execute() failed: SQLSTATE[23000]: Integrity constraint violation: 1062 Duplicate entry '' for key 'url'. The SQL statement executed was: INSERT INTO `categories` (`title`) VALUES (:title). Bound with :title='Економіка'.
in Z:\home\localhost\www\framework\db\CDbCommand.php (352)
in Z:\home\localhost\www\framework\db\CDbCommand.php (1247)
in Z:\home\localhost\www\framework\db\CDbMigration.php (173)
2013/02/21 14:08:16 [error] [exception.CDbException] exception 'CDbException' with message 'CDbCommand failed to execute the SQL statement: SQLSTATE[23000]: Integrity constraint violation: 1062 Duplicate entry '' for key 'url'. The SQL statement executed was: INSERT INTO `categories` (`title`) VALUES (:title). Bound with :title='Економіка'' in Z:\home\localhost\www\framework\db\CDbCommand.php:357
Stack trace:
#0 Z:\home\localhost\www\framework\db\CDbCommand.php(1247): CDbCommand->execute(Array)
#1 Z:\home\localhost\www\framework\db\CDbMigration.php(173): CDbCommand->insert('categories', Array)
#2 Z:\home\localhost\www\admin\common\migrations\m130123_074610_create_table_categories.php(20): CDbMigration->insert('categories', Array)
#3 Z:\home\localhost\www\framework\cli\commands\MigrateCommand.php(385): m130123_074610_create_table_categories->up()
#4 Z:\home\localhost\www\framework\cli\commands\MigrateCommand.php(109): MigrateCommand->migrateUp('m130123_074610_...')
#5 [internal function]: MigrateCommand->actionUp(Array)
#6 Z:\home\localhost\www\framework\console\CConsoleCommand.php(172): ReflectionMethod->invokeArgs(Object(MigrateCommand), Array)
#7 Z:\home\localhost\www\framework\console\CConsoleCommandRunner.php(67): CConsoleCommand->run(Array)
#8 Z:\home\localhost\www\framework\console\CConsoleApplication.php(91): CConsoleCommandRunner->run(Array)
#9 Z:\home\localhost\www\framework\base\CApplication.php(169): CConsoleApplication->processRequest()
#10 Z:\home\localhost\www\admin\console\yiic.php(20): CApplication->run()
#11 {main}
---
in Z:\home\localhost\www\framework\base\CApplication.php (710)
2013/02/21 14:08:16 [error] [system.db.CDbCommand] CDbCommand::execute() failed: SQLSTATE[23000]: Integrity constraint violation: 1062 Duplicate entry '' for key 'url'. The SQL statement executed was: INSERT INTO `categories` (`title`) VALUES (:title). Bound with :title='Економіка'.
in Z:\home\localhost\www\framework\db\CDbCommand.php (352)
in Z:\home\localhost\www\framework\db\CDbCommand.php (1247)
in Z:\home\localhost\www\framework\db\CDbMigration.php (173)
2013/02/21 14:08:16 [error] [exception.CDbException] exception 'CDbException' with message 'CDbCommand failed to execute the SQL statement: SQLSTATE[23000]: Integrity constraint violation: 1062 Duplicate entry '' for key 'url'. The SQL statement executed was: INSERT INTO `categories` (`title`) VALUES (:title). Bound with :title='Економіка'' in Z:\home\localhost\www\framework\db\CDbCommand.php:357
Stack trace:
#0 Z:\home\localhost\www\framework\db\CDbCommand.php(1247): CDbCommand->execute(Array)
#1 Z:\home\localhost\www\framework\db\CDbMigration.php(173): CDbCommand->insert('categories', Array)
#2 Z:\home\localhost\www\admin\common\migrations\m130123_074610_create_table_categories.php(20): CDbMigration->insert('categories', Array)
#3 Z:\home\localhost\www\framework\cli\commands\MigrateCommand.php(385): m130123_074610_create_table_categories->up()
#4 Z:\home\localhost\www\framework\cli\commands\MigrateCommand.php(109): MigrateCommand->migrateUp('m130123_074610_...')
#5 [internal function]: MigrateCommand->actionUp(Array)
#6 Z:\home\localhost\www\framework\console\CConsoleCommand.php(172): ReflectionMethod->invokeArgs(Object(MigrateCommand), Array)
#7 Z:\home\localhost\www\framework\console\CConsoleCommandRunner.php(67): CConsoleCommand->run(Array)
#8 Z:\home\localhost\www\framework\console\CConsoleApplication.php(91): CConsoleCommandRunner->run(Array)
#9 Z:\home\localhost\www\framework\base\CApplication.php(169): CConsoleApplication->processRequest()
#10 Z:\home\localhost\www\admin\console\yiic.php(20): CApplication->run()
#11 {main}
---
in Z:\home\localhost\www\framework\base\CApplication.php (710)
2013/03/11 18:00:10 [error] [system.db.CDbCommand] CDbCommand::execute() failed: SQLSTATE[42000]: Syntax error or access violation: 1061 Duplicate key name 'voting_id'. The SQL statement executed was: CREATE INDEX `voting_id` ON `voting_questions` (`voting_id`).
in Z:\home\localhost\www\framework\db\CDbCommand.php (352)
in Z:\home\localhost\www\framework\db\CDbCommand.php (1459)
in Z:\home\localhost\www\framework\db\CDbMigration.php (372)
2013/03/11 18:00:10 [error] [exception.CDbException] exception 'CDbException' with message 'CDbCommand failed to execute the SQL statement: SQLSTATE[42000]: Syntax error or access violation: 1061 Duplicate key name 'voting_id'. The SQL statement executed was: CREATE INDEX `voting_id` ON `voting_questions` (`voting_id`)' in Z:\home\localhost\www\framework\db\CDbCommand.php:357
Stack trace:
#0 Z:\home\localhost\www\framework\db\CDbCommand.php(1459): CDbCommand->execute()
#1 Z:\home\localhost\www\framework\db\CDbMigration.php(372): CDbCommand->createIndex('voting_id', 'voting_question...', 'voting_id', false)
#2 Z:\home\localhost\www\admin\common\migrations\m130311_135122_create_table_voting_answers.php(15): CDbMigration->createIndex('voting_id', 'voting_question...', 'voting_id')
#3 Z:\home\localhost\www\framework\cli\commands\MigrateCommand.php(385): m130311_135122_create_table_voting_answers->up()
#4 Z:\home\localhost\www\framework\cli\commands\MigrateCommand.php(109): MigrateCommand->migrateUp('m130311_135122_...')
#5 [internal function]: MigrateCommand->actionUp(Array)
#6 Z:\home\localhost\www\framework\console\CConsoleCommand.php(172): ReflectionMethod->invokeArgs(Object(MigrateCommand), Array)
#7 Z:\home\localhost\www\framework\console\CConsoleCommandRunner.php(67): CConsoleCommand->run(Array)
#8 Z:\home\localhost\www\framework\console\CConsoleApplication.php(91): CConsoleCommandRunner->run(Array)
#9 Z:\home\localhost\www\framework\base\CApplication.php(169): CConsoleApplication->processRequest()
#10 Z:\home\localhost\www\admin\console\yiic.php(20): CApplication->run()
#11 {main}
---
in Z:\home\localhost\www\framework\base\CApplication.php (710)
2013/03/11 18:00:10 [error] [system.db.CDbCommand] CDbCommand::execute() failed: SQLSTATE[42000]: Syntax error or access violation: 1061 Duplicate key name 'voting_id'. The SQL statement executed was: CREATE INDEX `voting_id` ON `voting_questions` (`voting_id`).
in Z:\home\localhost\www\framework\db\CDbCommand.php (352)
in Z:\home\localhost\www\framework\db\CDbCommand.php (1459)
in Z:\home\localhost\www\framework\db\CDbMigration.php (372)
2013/03/11 18:00:10 [error] [exception.CDbException] exception 'CDbException' with message 'CDbCommand failed to execute the SQL statement: SQLSTATE[42000]: Syntax error or access violation: 1061 Duplicate key name 'voting_id'. The SQL statement executed was: CREATE INDEX `voting_id` ON `voting_questions` (`voting_id`)' in Z:\home\localhost\www\framework\db\CDbCommand.php:357
Stack trace:
#0 Z:\home\localhost\www\framework\db\CDbCommand.php(1459): CDbCommand->execute()
#1 Z:\home\localhost\www\framework\db\CDbMigration.php(372): CDbCommand->createIndex('voting_id', 'voting_question...', 'voting_id', false)
#2 Z:\home\localhost\www\admin\common\migrations\m130311_135122_create_table_voting_answers.php(15): CDbMigration->createIndex('voting_id', 'voting_question...', 'voting_id')
#3 Z:\home\localhost\www\framework\cli\commands\MigrateCommand.php(385): m130311_135122_create_table_voting_answers->up()
#4 Z:\home\localhost\www\framework\cli\commands\MigrateCommand.php(109): MigrateCommand->migrateUp('m130311_135122_...')
#5 [internal function]: MigrateCommand->actionUp(Array)
#6 Z:\home\localhost\www\framework\console\CConsoleCommand.php(172): ReflectionMethod->invokeArgs(Object(MigrateCommand), Array)
#7 Z:\home\localhost\www\framework\console\CConsoleCommandRunner.php(67): CConsoleCommand->run(Array)
#8 Z:\home\localhost\www\framework\console\CConsoleApplication.php(91): CConsoleCommandRunner->run(Array)
#9 Z:\home\localhost\www\framework\base\CApplication.php(169): CConsoleApplication->processRequest()
#10 Z:\home\localhost\www\admin\console\yiic.php(20): CApplication->run()
#11 {main}
---
in Z:\home\localhost\www\framework\base\CApplication.php (710)
2013/03/11 18:00:43 [error] [system.db.CDbCommand] CDbCommand::execute() failed: SQLSTATE[42S01]: Base table or view already exists: 1050 Table 'voting_answers' already exists. The SQL statement executed was: CREATE TABLE `voting_answers` (
	`id` int(11) NOT NULL AUTO_INCREMENT PRIMARY KEY,
	`voting_id` int UNSIGNED NOT NULL,
	`question_id` int UNSIGNED NOT NULL,
	`count` int UNSIGNED NOT NULL,
	`date` datetime NOT NULL
).
in Z:\home\localhost\www\framework\db\CDbCommand.php (352)
in Z:\home\localhost\www\framework\db\CDbCommand.php (1321)
in Z:\home\localhost\www\framework\db\CDbMigration.php (228)
2013/03/11 18:00:43 [error] [exception.CDbException] exception 'CDbException' with message 'CDbCommand failed to execute the SQL statement: SQLSTATE[42S01]: Base table or view already exists: 1050 Table 'voting_answers' already exists. The SQL statement executed was: CREATE TABLE `voting_answers` (
	`id` int(11) NOT NULL AUTO_INCREMENT PRIMARY KEY,
	`voting_id` int UNSIGNED NOT NULL,
	`question_id` int UNSIGNED NOT NULL,
	`count` int UNSIGNED NOT NULL,
	`date` datetime NOT NULL
)' in Z:\home\localhost\www\framework\db\CDbCommand.php:357
Stack trace:
#0 Z:\home\localhost\www\framework\db\CDbCommand.php(1321): CDbCommand->execute()
#1 Z:\home\localhost\www\framework\db\CDbMigration.php(228): CDbCommand->createTable('voting_answers', Array, NULL)
#2 Z:\home\localhost\www\admin\common\migrations\m130311_135122_create_table_voting_answers.php(13): CDbMigration->createTable('voting_answers', Array)
#3 Z:\home\localhost\www\framework\cli\commands\MigrateCommand.php(385): m130311_135122_create_table_voting_answers->up()
#4 Z:\home\localhost\www\framework\cli\commands\MigrateCommand.php(109): MigrateCommand->migrateUp('m130311_135122_...')
#5 [internal function]: MigrateCommand->actionUp(Array)
#6 Z:\home\localhost\www\framework\console\CConsoleCommand.php(172): ReflectionMethod->invokeArgs(Object(MigrateCommand), Array)
#7 Z:\home\localhost\www\framework\console\CConsoleCommandRunner.php(67): CConsoleCommand->run(Array)
#8 Z:\home\localhost\www\framework\console\CConsoleApplication.php(91): CConsoleCommandRunner->run(Array)
#9 Z:\home\localhost\www\framework\base\CApplication.php(169): CConsoleApplication->processRequest()
#10 Z:\home\localhost\www\admin\console\yiic.php(20): CApplication->run()
#11 {main}
---
in Z:\home\localhost\www\framework\base\CApplication.php (710)
2013/03/11 18:00:43 [error] [system.db.CDbCommand] CDbCommand::execute() failed: SQLSTATE[42S01]: Base table or view already exists: 1050 Table 'voting_answers' already exists. The SQL statement executed was: CREATE TABLE `voting_answers` (
	`id` int(11) NOT NULL AUTO_INCREMENT PRIMARY KEY,
	`voting_id` int UNSIGNED NOT NULL,
	`question_id` int UNSIGNED NOT NULL,
	`count` int UNSIGNED NOT NULL,
	`date` datetime NOT NULL
).
in Z:\home\localhost\www\framework\db\CDbCommand.php (352)
in Z:\home\localhost\www\framework\db\CDbCommand.php (1321)
in Z:\home\localhost\www\framework\db\CDbMigration.php (228)
2013/03/11 18:00:43 [error] [exception.CDbException] exception 'CDbException' with message 'CDbCommand failed to execute the SQL statement: SQLSTATE[42S01]: Base table or view already exists: 1050 Table 'voting_answers' already exists. The SQL statement executed was: CREATE TABLE `voting_answers` (
	`id` int(11) NOT NULL AUTO_INCREMENT PRIMARY KEY,
	`voting_id` int UNSIGNED NOT NULL,
	`question_id` int UNSIGNED NOT NULL,
	`count` int UNSIGNED NOT NULL,
	`date` datetime NOT NULL
)' in Z:\home\localhost\www\framework\db\CDbCommand.php:357
Stack trace:
#0 Z:\home\localhost\www\framework\db\CDbCommand.php(1321): CDbCommand->execute()
#1 Z:\home\localhost\www\framework\db\CDbMigration.php(228): CDbCommand->createTable('voting_answers', Array, NULL)
#2 Z:\home\localhost\www\admin\common\migrations\m130311_135122_create_table_voting_answers.php(13): CDbMigration->createTable('voting_answers', Array)
#3 Z:\home\localhost\www\framework\cli\commands\MigrateCommand.php(385): m130311_135122_create_table_voting_answers->up()
#4 Z:\home\localhost\www\framework\cli\commands\MigrateCommand.php(109): MigrateCommand->migrateUp('m130311_135122_...')
#5 [internal function]: MigrateCommand->actionUp(Array)
#6 Z:\home\localhost\www\framework\console\CConsoleCommand.php(172): ReflectionMethod->invokeArgs(Object(MigrateCommand), Array)
#7 Z:\home\localhost\www\framework\console\CConsoleCommandRunner.php(67): CConsoleCommand->run(Array)
#8 Z:\home\localhost\www\framework\console\CConsoleApplication.php(91): CConsoleCommandRunner->run(Array)
#9 Z:\home\localhost\www\framework\base\CApplication.php(169): CConsoleApplication->processRequest()
#10 Z:\home\localhost\www\admin\console\yiic.php(20): CApplication->run()
#11 {main}
---
in Z:\home\localhost\www\framework\base\CApplication.php (710)
