2013/02/11 20:23:42 [error] [php] PDOStatement::execute() [<a href='pdostatement.execute'>pdostatement.execute</a>]: MySQL server has gone away (Z:\home\localhost\www\framework\db\CDbCommand.php:334)
Stack trace:
#0 Z:\home\localhost\www\framework\web\actions\CInlineAction.php(49): DefaultController->actionIndex()
#1 Z:\home\localhost\www\framework\web\CController.php(308): CInlineAction->runWithParams()
#2 Z:\home\localhost\www\framework\web\CController.php(286): DefaultController->runAction()
#3 Z:\home\localhost\www\framework\web\CController.php(265): DefaultController->runActionWithFilters()
#4 Z:\home\localhost\www\framework\web\CWebApplication.php(282): DefaultController->run()
#5 Z:\home\localhost\www\framework\web\CWebApplication.php(141): FWebApplication->runController()
#6 Z:\home\localhost\www\framework\base\CApplication.php(169): FWebApplication->processRequest()
#7 Z:\home\localhost\www\admin\frontend\www\index.php(24): FWebApplication->run()
REQUEST_URI=/admin/Search/Default/index
in Z:\home\localhost\www\framework\base\CApplication.php (793)
in Z:\home\localhost\www\framework\db\CDbCommand.php (334)
in Z:\home\localhost\www\admin\common\modules\Search\controllers\DefaultController.php (96)
2013/02/11 20:24:56 [error] [php] PDOStatement::execute() [<a href='pdostatement.execute'>pdostatement.execute</a>]: MySQL server has gone away (Z:\home\localhost\www\framework\db\CDbCommand.php:334)
Stack trace:
#0 Z:\home\localhost\www\framework\web\actions\CInlineAction.php(49): DefaultController->actionIndex()
#1 Z:\home\localhost\www\framework\web\CController.php(308): CInlineAction->runWithParams()
#2 Z:\home\localhost\www\framework\web\CController.php(286): DefaultController->runAction()
#3 Z:\home\localhost\www\framework\web\CController.php(265): DefaultController->runActionWithFilters()
#4 Z:\home\localhost\www\framework\web\CWebApplication.php(282): DefaultController->run()
#5 Z:\home\localhost\www\framework\web\CWebApplication.php(141): FWebApplication->runController()
#6 Z:\home\localhost\www\framework\base\CApplication.php(169): FWebApplication->processRequest()
#7 Z:\home\localhost\www\admin\frontend\www\index.php(24): FWebApplication->run()
REQUEST_URI=/admin/Search/Default/index
in Z:\home\localhost\www\framework\base\CApplication.php (793)
in Z:\home\localhost\www\framework\db\CDbCommand.php (334)
in Z:\home\localhost\www\admin\common\modules\Search\controllers\DefaultController.php (96)
2013/02/11 20:26:44 [error] [php] PDOStatement::execute() [<a href='pdostatement.execute'>pdostatement.execute</a>]: MySQL server has gone away (Z:\home\localhost\www\framework\db\CDbCommand.php:334)
Stack trace:
#0 Z:\home\localhost\www\framework\web\actions\CInlineAction.php(49): DefaultController->actionIndex()
#1 Z:\home\localhost\www\framework\web\CController.php(308): CInlineAction->runWithParams()
#2 Z:\home\localhost\www\framework\web\CController.php(286): DefaultController->runAction()
#3 Z:\home\localhost\www\framework\web\CController.php(265): DefaultController->runActionWithFilters()
#4 Z:\home\localhost\www\framework\web\CWebApplication.php(282): DefaultController->run()
#5 Z:\home\localhost\www\framework\web\CWebApplication.php(141): FWebApplication->runController()
#6 Z:\home\localhost\www\framework\base\CApplication.php(169): FWebApplication->processRequest()
#7 Z:\home\localhost\www\admin\frontend\www\index.php(24): FWebApplication->run()
REQUEST_URI=/admin/Search/Default/index
in Z:\home\localhost\www\framework\base\CApplication.php (793)
in Z:\home\localhost\www\framework\db\CDbCommand.php (334)
in Z:\home\localhost\www\admin\common\modules\Search\controllers\DefaultController.php (97)
2013/02/11 20:31:43 [error] [php] PDOStatement::execute() [<a href='pdostatement.execute'>pdostatement.execute</a>]: MySQL server has gone away (Z:\home\localhost\www\framework\db\CDbCommand.php:334)
Stack trace:
#0 Z:\home\localhost\www\framework\web\actions\CInlineAction.php(49): DefaultController->actionIndex()
#1 Z:\home\localhost\www\framework\web\CController.php(308): CInlineAction->runWithParams()
#2 Z:\home\localhost\www\framework\web\CController.php(286): DefaultController->runAction()
#3 Z:\home\localhost\www\framework\web\CController.php(265): DefaultController->runActionWithFilters()
#4 Z:\home\localhost\www\framework\web\CWebApplication.php(282): DefaultController->run()
#5 Z:\home\localhost\www\framework\web\CWebApplication.php(141): FWebApplication->runController()
#6 Z:\home\localhost\www\framework\base\CApplication.php(169): FWebApplication->processRequest()
#7 Z:\home\localhost\www\admin\frontend\www\index.php(24): FWebApplication->run()
REQUEST_URI=/admin/Search/Default/index
in Z:\home\localhost\www\framework\base\CApplication.php (793)
in Z:\home\localhost\www\framework\db\CDbCommand.php (334)
in Z:\home\localhost\www\admin\common\modules\Search\controllers\DefaultController.php (96)
